{"C:\\Nischaya Garg\\CODES\\Class Codes\\FSD\\Shreshta\\Exp5\\src\\App.jsx": {"path":"C:\\Nischaya Garg\\CODES\\Class Codes\\FSD\\Shreshta\\Exp5\\src\\App.jsx","statementMap":{"0":{"start":{"line":6,"column":13},"end":{"line":6,"column":47}},"1":{"start":{"line":6,"column":24},"end":{"line":6,"column":46}},"2":{"start":{"line":7,"column":14},"end":{"line":7,"column":49}},"3":{"start":{"line":7,"column":25},"end":{"line":7,"column":48}},"4":{"start":{"line":8,"column":15},"end":{"line":8,"column":51}},"5":{"start":{"line":8,"column":26},"end":{"line":8,"column":50}},"6":{"start":{"line":9,"column":25},"end":{"line":9,"column":71}},"7":{"start":{"line":9,"column":36},"end":{"line":9,"column":70}},"8":{"start":{"line":10,"column":27},"end":{"line":10,"column":75}},"9":{"start":{"line":10,"column":38},"end":{"line":10,"column":74}},"10":{"start":{"line":11,"column":25},"end":{"line":11,"column":71}},"11":{"start":{"line":11,"column":36},"end":{"line":11,"column":70}},"12":{"start":{"line":14,"column":2},"end":{"line":55,"column":4}}},"fnMap":{"0":{"name":"(anonymous_0)","decl":{"start":{"line":6,"column":18},"end":{"line":6,"column":19}},"loc":{"start":{"line":6,"column":24},"end":{"line":6,"column":46}},"line":6},"1":{"name":"(anonymous_1)","decl":{"start":{"line":7,"column":19},"end":{"line":7,"column":20}},"loc":{"start":{"line":7,"column":25},"end":{"line":7,"column":48}},"line":7},"2":{"name":"(anonymous_2)","decl":{"start":{"line":8,"column":20},"end":{"line":8,"column":21}},"loc":{"start":{"line":8,"column":26},"end":{"line":8,"column":50}},"line":8},"3":{"name":"(anonymous_3)","decl":{"start":{"line":9,"column":30},"end":{"line":9,"column":31}},"loc":{"start":{"line":9,"column":36},"end":{"line":9,"column":70}},"line":9},"4":{"name":"(anonymous_4)","decl":{"start":{"line":10,"column":32},"end":{"line":10,"column":33}},"loc":{"start":{"line":10,"column":38},"end":{"line":10,"column":74}},"line":10},"5":{"name":"(anonymous_5)","decl":{"start":{"line":11,"column":30},"end":{"line":11,"column":31}},"loc":{"start":{"line":11,"column":36},"end":{"line":11,"column":70}},"line":11},"6":{"name":"App","decl":{"start":{"line":13,"column":24},"end":{"line":13,"column":27}},"loc":{"start":{"line":13,"column":30},"end":{"line":56,"column":1}},"line":13}},"branchMap":{},"s":{"0":1,"1":0,"2":1,"3":0,"4":1,"5":0,"6":1,"7":0,"8":1,"9":0,"10":1,"11":0,"12":19},"f":{"0":0,"1":0,"2":0,"3":0,"4":0,"5":0,"6":19},"b":{},"_coverageSchema":"1a1c01bbd47fc00a2c39e90264f33305004495a9","hash":"2849f96eb55b3e7eda0d96819ca6ef2e1f7919cc"}
,"C:\\Nischaya Garg\\CODES\\Class Codes\\FSD\\Shreshta\\Exp5\\src\\Routes\\AuthProtectedRoutes.jsx": {"path":"C:\\Nischaya Garg\\CODES\\Class Codes\\FSD\\Shreshta\\Exp5\\src\\Routes\\AuthProtectedRoutes.jsx","statementMap":{"0":{"start":{"line":5,"column":30},"end":{"line":5,"column":39}},"1":{"start":{"line":7,"column":2},"end":{"line":9,"column":3}},"2":{"start":{"line":8,"column":4},"end":{"line":8,"column":44}},"3":{"start":{"line":11,"column":2},"end":{"line":11,"column":18}}},"fnMap":{"0":{"name":"AuthProtectedRoutes","decl":{"start":{"line":4,"column":24},"end":{"line":4,"column":43}},"loc":{"start":{"line":4,"column":58},"end":{"line":12,"column":1}},"line":4}},"branchMap":{"0":{"loc":{"start":{"line":7,"column":2},"end":{"line":9,"column":3}},"type":"if","locations":[{"start":{"line":7,"column":2},"end":{"line":9,"column":3}},{"start":{},"end":{}}],"line":7}},"s":{"0":0,"1":0,"2":0,"3":0},"f":{"0":0},"b":{"0":[0,0]},"_coverageSchema":"1a1c01bbd47fc00a2c39e90264f33305004495a9","hash":"99938edac064ed3de3a7f71b97960975e418d7d4"}
,"C:\\Nischaya Garg\\CODES\\Class Codes\\FSD\\Shreshta\\Exp5\\src\\components\\Header.jsx": {"path":"C:\\Nischaya Garg\\CODES\\Class Codes\\FSD\\Shreshta\\Exp5\\src\\components\\Header.jsx","statementMap":{"0":{"start":{"line":6,"column":15},"end":{"line":34,"column":1}},"1":{"start":{"line":7,"column":52},"end":{"line":7,"column":61}},"2":{"start":{"line":8,"column":21},"end":{"line":8,"column":34}},"3":{"start":{"line":10,"column":25},"end":{"line":13,"column":5}},"4":{"start":{"line":11,"column":8},"end":{"line":11,"column":34}},"5":{"start":{"line":12,"column":8},"end":{"line":12,"column":27}},"6":{"start":{"line":15,"column":25},"end":{"line":15,"column":91}},"7":{"start":{"line":15,"column":43},"end":{"line":15,"column":91}},"8":{"start":{"line":17,"column":4},"end":{"line":33,"column":6}}},"fnMap":{"0":{"name":"(anonymous_0)","decl":{"start":{"line":6,"column":15},"end":{"line":6,"column":16}},"loc":{"start":{"line":6,"column":21},"end":{"line":34,"column":1}},"line":6},"1":{"name":"(anonymous_1)","decl":{"start":{"line":10,"column":25},"end":{"line":10,"column":26}},"loc":{"start":{"line":10,"column":31},"end":{"line":13,"column":5}},"line":10},"2":{"name":"(anonymous_2)","decl":{"start":{"line":15,"column":25},"end":{"line":15,"column":26}},"loc":{"start":{"line":15,"column":43},"end":{"line":15,"column":91}},"line":15}},"branchMap":{"0":{"loc":{"start":{"line":15,"column":55},"end":{"line":15,"column":89}},"type":"cond-expr","locations":[{"start":{"line":15,"column":66},"end":{"line":15,"column":84}},{"start":{"line":15,"column":87},"end":{"line":15,"column":89}}],"line":15},"1":{"loc":{"start":{"line":21,"column":17},"end":{"line":30,"column":17}},"type":"cond-expr","locations":[{"start":{"line":22,"column":20},"end":{"line":22,"column":81}},{"start":{"line":24,"column":20},"end":{"line":29,"column":23}}],"line":21}},"s":{"0":1,"1":0,"2":0,"3":0,"4":0,"5":0,"6":0,"7":0,"8":0},"f":{"0":0,"1":0,"2":0},"b":{"0":[0,0],"1":[0,0]},"_coverageSchema":"1a1c01bbd47fc00a2c39e90264f33305004495a9","hash":"c5dfb6f7f36ca4d28bc4a353a4ab52c1de2e52bf"}
,"C:\\Nischaya Garg\\CODES\\Class Codes\\FSD\\Shreshta\\Exp5\\src\\context\\auth.jsx": {"path":"C:\\Nischaya Garg\\CODES\\Class Codes\\FSD\\Shreshta\\Exp5\\src\\context\\auth.jsx","statementMap":{"0":{"start":{"line":3,"column":20},"end":{"line":3,"column":35}},"1":{"start":{"line":6,"column":48},"end":{"line":6,"column":63}},"2":{"start":{"line":8,"column":2},"end":{"line":12,"column":4}},"3":{"start":{"line":16,"column":2},"end":{"line":16,"column":33}}},"fnMap":{"0":{"name":"AuthProvider","decl":{"start":{"line":5,"column":16},"end":{"line":5,"column":28}},"loc":{"start":{"line":5,"column":43},"end":{"line":13,"column":1}},"line":5},"1":{"name":"useAuth","decl":{"start":{"line":15,"column":16},"end":{"line":15,"column":23}},"loc":{"start":{"line":15,"column":26},"end":{"line":17,"column":1}},"line":15}},"branchMap":{},"s":{"0":1,"1":18,"2":18,"3":0},"f":{"0":18,"1":0},"b":{},"_coverageSchema":"1a1c01bbd47fc00a2c39e90264f33305004495a9","hash":"0573aec069105d6687d384dadd5a8da54892e5c4"}
,"C:\\Nischaya Garg\\CODES\\Class Codes\\FSD\\Shreshta\\Exp5\\src\\data\\logs.js": {"path":"C:\\Nischaya Garg\\CODES\\Class Codes\\FSD\\Shreshta\\Exp5\\src\\data\\logs.js","statementMap":{"0":{"start":{"line":1,"column":13},"end":{"line":5,"column":1}}},"fnMap":{},"branchMap":{},"s":{"0":1},"f":{},"b":{},"_coverageSchema":"1a1c01bbd47fc00a2c39e90264f33305004495a9","hash":"5f39542422f11330f037f69b4b50f6d9e417f52f"}
,"C:\\Nischaya Garg\\CODES\\Class Codes\\FSD\\Shreshta\\Exp5\\src\\pages\\DashboardAnalytics.jsx": {"path":"C:\\Nischaya Garg\\CODES\\Class Codes\\FSD\\Shreshta\\Exp5\\src\\pages\\DashboardAnalytics.jsx","statementMap":{"0":{"start":{"line":4,"column":27},"end":{"line":10,"column":1}},"1":{"start":{"line":5,"column":2},"end":{"line":9,"column":4}}},"fnMap":{"0":{"name":"(anonymous_0)","decl":{"start":{"line":4,"column":27},"end":{"line":4,"column":28}},"loc":{"start":{"line":4,"column":33},"end":{"line":10,"column":1}},"line":4}},"branchMap":{},"s":{"0":0,"1":0},"f":{"0":0},"b":{}}
,"C:\\Nischaya Garg\\CODES\\Class Codes\\FSD\\Shreshta\\Exp5\\src\\pages\\DashboardSummary.jsx": {"path":"C:\\Nischaya Garg\\CODES\\Class Codes\\FSD\\Shreshta\\Exp5\\src\\pages\\DashboardSummary.jsx","statementMap":{"0":{"start":{"line":6,"column":25},"end":{"line":62,"column":1}},"1":{"start":{"line":7,"column":19},"end":{"line":7,"column":32}},"2":{"start":{"line":8,"column":28},"end":{"line":8,"column":62}},"3":{"start":{"line":8,"column":51},"end":{"line":8,"column":61}},"4":{"start":{"line":10,"column":24},"end":{"line":10,"column":84}},"5":{"start":{"line":10,"column":38},"end":{"line":10,"column":75}},"6":{"start":{"line":10,"column":59},"end":{"line":10,"column":74}},"7":{"start":{"line":11,"column":23},"end":{"line":11,"column":82}},"8":{"start":{"line":11,"column":37},"end":{"line":11,"column":73}},"9":{"start":{"line":11,"column":58},"end":{"line":11,"column":72}},"10":{"start":{"line":13,"column":2},"end":{"line":15,"column":17}},"11":{"start":{"line":14,"column":4},"end":{"line":14,"column":26}},"12":{"start":{"line":17,"column":2},"end":{"line":23,"column":3}},"13":{"start":{"line":18,"column":4},"end":{"line":22,"column":6}},"14":{"start":{"line":25,"column":2},"end":{"line":61,"column":4}},"15":{"start":{"line":36,"column":14},"end":{"line":40,"column":21}},"16":{"start":{"line":51,"column":14},"end":{"line":55,"column":21}}},"fnMap":{"0":{"name":"(anonymous_0)","decl":{"start":{"line":6,"column":25},"end":{"line":6,"column":26}},"loc":{"start":{"line":6,"column":31},"end":{"line":62,"column":1}},"line":6},"1":{"name":"(anonymous_1)","decl":{"start":{"line":8,"column":40},"end":{"line":8,"column":41}},"loc":{"start":{"line":8,"column":51},"end":{"line":8,"column":61}},"line":8},"2":{"name":"(anonymous_2)","decl":{"start":{"line":10,"column":32},"end":{"line":10,"column":33}},"loc":{"start":{"line":10,"column":38},"end":{"line":10,"column":75}},"line":10},"3":{"name":"(anonymous_3)","decl":{"start":{"line":10,"column":50},"end":{"line":10,"column":51}},"loc":{"start":{"line":10,"column":59},"end":{"line":10,"column":74}},"line":10},"4":{"name":"(anonymous_4)","decl":{"start":{"line":11,"column":31},"end":{"line":11,"column":32}},"loc":{"start":{"line":11,"column":37},"end":{"line":11,"column":73}},"line":11},"5":{"name":"(anonymous_5)","decl":{"start":{"line":11,"column":49},"end":{"line":11,"column":50}},"loc":{"start":{"line":11,"column":58},"end":{"line":11,"column":72}},"line":11},"6":{"name":"(anonymous_6)","decl":{"start":{"line":13,"column":12},"end":{"line":13,"column":13}},"loc":{"start":{"line":13,"column":18},"end":{"line":15,"column":3}},"line":13},"7":{"name":"(anonymous_7)","decl":{"start":{"line":35,"column":31},"end":{"line":35,"column":32}},"loc":{"start":{"line":36,"column":14},"end":{"line":40,"column":21}},"line":36},"8":{"name":"(anonymous_8)","decl":{"start":{"line":50,"column":30},"end":{"line":50,"column":31}},"loc":{"start":{"line":51,"column":14},"end":{"line":55,"column":21}},"line":51}},"branchMap":{"0":{"loc":{"start":{"line":17,"column":2},"end":{"line":23,"column":3}},"type":"if","locations":[{"start":{"line":17,"column":2},"end":{"line":23,"column":3}},{"start":{},"end":{}}],"line":17}},"s":{"0":0,"1":0,"2":0,"3":0,"4":0,"5":0,"6":0,"7":0,"8":0,"9":0,"10":0,"11":0,"12":0,"13":0,"14":0,"15":0,"16":0},"f":{"0":0,"1":0,"2":0,"3":0,"4":0,"5":0,"6":0,"7":0,"8":0},"b":{"0":[0,0]}}
,"C:\\Nischaya Garg\\CODES\\Class Codes\\FSD\\Shreshta\\Exp5\\src\\pages\\Dashboard_layout.jsx": {"path":"C:\\Nischaya Garg\\CODES\\Class Codes\\FSD\\Shreshta\\Exp5\\src\\pages\\Dashboard_layout.jsx","statementMap":{"0":{"start":{"line":5,"column":25},"end":{"line":19,"column":1}},"1":{"start":{"line":6,"column":2},"end":{"line":18,"column":4}}},"fnMap":{"0":{"name":"(anonymous_0)","decl":{"start":{"line":5,"column":25},"end":{"line":5,"column":26}},"loc":{"start":{"line":5,"column":31},"end":{"line":19,"column":1}},"line":5}},"branchMap":{},"s":{"0":0,"1":0},"f":{"0":0},"b":{}}
,"C:\\Nischaya Garg\\CODES\\Class Codes\\FSD\\Shreshta\\Exp5\\src\\pages\\Login.jsx": {"path":"C:\\Nischaya Garg\\CODES\\Class Codes\\FSD\\Shreshta\\Exp5\\src\\pages\\Login.jsx","statementMap":{"0":{"start":{"line":6,"column":14},"end":{"line":34,"column":1}},"1":{"start":{"line":7,"column":19},"end":{"line":7,"column":32}},"2":{"start":{"line":8,"column":50},"end":{"line":8,"column":59}},"3":{"start":{"line":9,"column":44},"end":{"line":9,"column":59}},"4":{"start":{"line":12,"column":4},"end":{"line":12,"column":27}},"5":{"start":{"line":13,"column":4},"end":{"line":13,"column":29}},"6":{"start":{"line":14,"column":4},"end":{"line":14,"column":18}},"7":{"start":{"line":17,"column":2},"end":{"line":17,"column":33}},"8":{"start":{"line":17,"column":21},"end":{"line":17,"column":33}},"9":{"start":{"line":19,"column":2},"end":{"line":26,"column":3}},"10":{"start":{"line":20,"column":4},"end":{"line":25,"column":6}},"11":{"start":{"line":23,"column":54},"end":{"line":23,"column":67}},"12":{"start":{"line":28,"column":2},"end":{"line":33,"column":4}}},"fnMap":{"0":{"name":"(anonymous_0)","decl":{"start":{"line":6,"column":14},"end":{"line":6,"column":15}},"loc":{"start":{"line":6,"column":20},"end":{"line":34,"column":1}},"line":6},"1":{"name":"handleLogin","decl":{"start":{"line":11,"column":11},"end":{"line":11,"column":22}},"loc":{"start":{"line":11,"column":25},"end":{"line":15,"column":3}},"line":11},"2":{"name":"(anonymous_2)","decl":{"start":{"line":23,"column":48},"end":{"line":23,"column":49}},"loc":{"start":{"line":23,"column":54},"end":{"line":23,"column":67}},"line":23}},"branchMap":{"0":{"loc":{"start":{"line":17,"column":2},"end":{"line":17,"column":33}},"type":"if","locations":[{"start":{"line":17,"column":2},"end":{"line":17,"column":33}},{"start":{},"end":{}}],"line":17},"1":{"loc":{"start":{"line":19,"column":2},"end":{"line":26,"column":3}},"type":"if","locations":[{"start":{"line":19,"column":2},"end":{"line":26,"column":3}},{"start":{},"end":{}}],"line":19}},"s":{"0":0,"1":0,"2":0,"3":0,"4":0,"5":0,"6":0,"7":0,"8":0,"9":0,"10":0,"11":0,"12":0},"f":{"0":0,"1":0,"2":0},"b":{"0":[0,0],"1":[0,0]}}
,"C:\\Nischaya Garg\\CODES\\Class Codes\\FSD\\Shreshta\\Exp5\\src\\pages\\Logout.jsx": {"path":"C:\\Nischaya Garg\\CODES\\Class Codes\\FSD\\Shreshta\\Exp5\\src\\pages\\Logout.jsx","statementMap":{"0":{"start":{"line":6,"column":15},"end":{"line":16,"column":1}},"1":{"start":{"line":7,"column":19},"end":{"line":7,"column":32}},"2":{"start":{"line":8,"column":33},"end":{"line":8,"column":42}},"3":{"start":{"line":10,"column":2},"end":{"line":13,"column":9}},"4":{"start":{"line":11,"column":4},"end":{"line":11,"column":30}},"5":{"start":{"line":12,"column":4},"end":{"line":12,"column":23}},"6":{"start":{"line":15,"column":2},"end":{"line":15,"column":62}}},"fnMap":{"0":{"name":"(anonymous_0)","decl":{"start":{"line":6,"column":15},"end":{"line":6,"column":16}},"loc":{"start":{"line":6,"column":21},"end":{"line":16,"column":1}},"line":6},"1":{"name":"(anonymous_1)","decl":{"start":{"line":10,"column":12},"end":{"line":10,"column":13}},"loc":{"start":{"line":10,"column":18},"end":{"line":13,"column":3}},"line":10}},"branchMap":{},"s":{"0":0,"1":0,"2":0,"3":0,"4":0,"5":0,"6":0},"f":{"0":0,"1":0},"b":{}}
,"C:\\Nischaya Garg\\CODES\\Class Codes\\FSD\\Shreshta\\Exp5\\src\\pages\\Logs.jsx": {"path":"C:\\Nischaya Garg\\CODES\\Class Codes\\FSD\\Shreshta\\Exp5\\src\\pages\\Logs.jsx","statementMap":{"0":{"start":{"line":6,"column":13},"end":{"line":77,"column":1}},"1":{"start":{"line":7,"column":21},"end":{"line":7,"column":34}},"2":{"start":{"line":8,"column":37},"end":{"line":8,"column":71}},"3":{"start":{"line":8,"column":60},"end":{"line":8,"column":70}},"4":{"start":{"line":10,"column":26},"end":{"line":12,"column":18}},"5":{"start":{"line":11,"column":8},"end":{"line":11,"column":30}},"6":{"start":{"line":14,"column":24},"end":{"line":16,"column":14}},"7":{"start":{"line":15,"column":8},"end":{"line":15,"column":62}},"8":{"start":{"line":15,"column":41},"end":{"line":15,"column":57}},"9":{"start":{"line":18,"column":4},"end":{"line":20,"column":19}},"10":{"start":{"line":19,"column":8},"end":{"line":19,"column":30}},"11":{"start":{"line":22,"column":4},"end":{"line":28,"column":5}},"12":{"start":{"line":23,"column":8},"end":{"line":27,"column":10}},"13":{"start":{"line":30,"column":4},"end":{"line":38,"column":5}},"14":{"start":{"line":31,"column":8},"end":{"line":37,"column":10}},"15":{"start":{"line":40,"column":4},"end":{"line":76,"column":6}},"16":{"start":{"line":56,"column":32},"end":{"line":64,"column":37}}},"fnMap":{"0":{"name":"(anonymous_0)","decl":{"start":{"line":6,"column":13},"end":{"line":6,"column":14}},"loc":{"start":{"line":6,"column":19},"end":{"line":77,"column":1}},"line":6},"1":{"name":"(anonymous_1)","decl":{"start":{"line":8,"column":49},"end":{"line":8,"column":50}},"loc":{"start":{"line":8,"column":60},"end":{"line":8,"column":70}},"line":8},"2":{"name":"(anonymous_2)","decl":{"start":{"line":10,"column":38},"end":{"line":10,"column":39}},"loc":{"start":{"line":10,"column":44},"end":{"line":12,"column":5}},"line":10},"3":{"name":"(anonymous_3)","decl":{"start":{"line":14,"column":32},"end":{"line":14,"column":33}},"loc":{"start":{"line":14,"column":38},"end":{"line":16,"column":5}},"line":14},"4":{"name":"(anonymous_4)","decl":{"start":{"line":15,"column":27},"end":{"line":15,"column":28}},"loc":{"start":{"line":15,"column":41},"end":{"line":15,"column":57}},"line":15},"5":{"name":"(anonymous_5)","decl":{"start":{"line":18,"column":14},"end":{"line":18,"column":15}},"loc":{"start":{"line":18,"column":20},"end":{"line":20,"column":5}},"line":18},"6":{"name":"(anonymous_6)","decl":{"start":{"line":55,"column":38},"end":{"line":55,"column":39}},"loc":{"start":{"line":56,"column":32},"end":{"line":64,"column":37}},"line":56}},"branchMap":{"0":{"loc":{"start":{"line":22,"column":4},"end":{"line":28,"column":5}},"type":"if","locations":[{"start":{"line":22,"column":4},"end":{"line":28,"column":5}},{"start":{},"end":{}}],"line":22},"1":{"loc":{"start":{"line":30,"column":4},"end":{"line":38,"column":5}},"type":"if","locations":[{"start":{"line":30,"column":4},"end":{"line":38,"column":5}},{"start":{},"end":{}}],"line":30},"2":{"loc":{"start":{"line":52,"column":17},"end":{"line":73,"column":17}},"type":"cond-expr","locations":[{"start":{"line":53,"column":20},"end":{"line":68,"column":27}},{"start":{"line":70,"column":20},"end":{"line":72,"column":27}}],"line":52}},"s":{"0":0,"1":0,"2":0,"3":0,"4":0,"5":0,"6":0,"7":0,"8":0,"9":0,"10":0,"11":0,"12":0,"13":0,"14":0,"15":0,"16":0},"f":{"0":0,"1":0,"2":0,"3":0,"4":0,"5":0,"6":0},"b":{"0":[0,0],"1":[0,0],"2":[0,0]}}
,"C:\\Nischaya Garg\\CODES\\Class Codes\\FSD\\Shreshta\\Exp5\\src\\store\\logsSlice.js": {"path":"C:\\Nischaya Garg\\CODES\\Class Codes\\FSD\\Shreshta\\Exp5\\src\\store\\logsSlice.js","statementMap":{"0":{"start":{"line":5,"column":25},"end":{"line":11,"column":2}},"1":{"start":{"line":6,"column":2},"end":{"line":10,"column":5}},"2":{"start":{"line":7,"column":4},"end":{"line":9,"column":13}},"3":{"start":{"line":8,"column":6},"end":{"line":8,"column":27}},"4":{"start":{"line":13,"column":18},"end":{"line":36,"column":2}},"5":{"start":{"line":22,"column":4},"end":{"line":34,"column":9}},"6":{"start":{"line":24,"column":8},"end":{"line":24,"column":29}},"7":{"start":{"line":25,"column":8},"end":{"line":25,"column":27}},"8":{"start":{"line":28,"column":8},"end":{"line":28,"column":30}},"9":{"start":{"line":29,"column":8},"end":{"line":29,"column":36}},"10":{"start":{"line":32,"column":8},"end":{"line":32,"column":30}},"11":{"start":{"line":33,"column":8},"end":{"line":33,"column":43}}},"fnMap":{"0":{"name":"(anonymous_0)","decl":{"start":{"line":5,"column":60},"end":{"line":5,"column":61}},"loc":{"start":{"line":5,"column":72},"end":{"line":11,"column":1}},"line":5},"1":{"name":"(anonymous_1)","decl":{"start":{"line":6,"column":21},"end":{"line":6,"column":22}},"loc":{"start":{"line":6,"column":34},"end":{"line":10,"column":3}},"line":6},"2":{"name":"(anonymous_2)","decl":{"start":{"line":7,"column":15},"end":{"line":7,"column":16}},"loc":{"start":{"line":7,"column":21},"end":{"line":9,"column":5}},"line":7},"3":{"name":"(anonymous_3)","decl":{"start":{"line":21,"column":17},"end":{"line":21,"column":18}},"loc":{"start":{"line":21,"column":30},"end":{"line":35,"column":3}},"line":21},"4":{"name":"(anonymous_4)","decl":{"start":{"line":23,"column":34},"end":{"line":23,"column":35}},"loc":{"start":{"line":23,"column":45},"end":{"line":26,"column":7}},"line":23},"5":{"name":"(anonymous_5)","decl":{"start":{"line":27,"column":36},"end":{"line":27,"column":37}},"loc":{"start":{"line":27,"column":55},"end":{"line":30,"column":7}},"line":27},"6":{"name":"(anonymous_6)","decl":{"start":{"line":31,"column":35},"end":{"line":31,"column":36}},"loc":{"start":{"line":31,"column":54},"end":{"line":34,"column":7}},"line":31}},"branchMap":{},"s":{"0":1,"1":0,"2":0,"3":0,"4":1,"5":0,"6":0,"7":0,"8":0,"9":0,"10":0,"11":0},"f":{"0":0,"1":0,"2":0,"3":0,"4":0,"5":0,"6":0},"b":{},"_coverageSchema":"1a1c01bbd47fc00a2c39e90264f33305004495a9","hash":"6bfc125d21d9603747186ecb32597585cd99e8a8"}
,"C:\\Nischaya Garg\\CODES\\Class Codes\\FSD\\Shreshta\\Exp5\\src\\store\\store.js": {"path":"C:\\Nischaya Garg\\CODES\\Class Codes\\FSD\\Shreshta\\Exp5\\src\\store\\store.js","statementMap":{"0":{"start":{"line":4,"column":14},"end":{"line":8,"column":2}}},"fnMap":{},"branchMap":{},"s":{"0":0},"f":{},"b":{}}
,"C:\\Nischaya Garg\\CODES\\Class Codes\\FSD\\Shreshta\\Exp5\\src\\utils\\carbonCalculations.js": {"path":"C:\\Nischaya Garg\\CODES\\Class Codes\\FSD\\Shreshta\\Exp5\\src\\utils\\carbonCalculations.js","statementMap":{"0":{"start":{"line":3,"column":40},"end":{"line":14,"column":1}},"1":{"start":{"line":4,"column":24},"end":{"line":10,"column":3}},"2":{"start":{"line":12,"column":17},"end":{"line":12,"column":50}},"3":{"start":{"line":13,"column":2},"end":{"line":13,"column":51}},"4":{"start":{"line":16,"column":36},"end":{"line":18,"column":1}},"5":{"start":{"line":17,"column":2},"end":{"line":17,"column":67}},"6":{"start":{"line":17,"column":37},"end":{"line":17,"column":62}},"7":{"start":{"line":20,"column":30},"end":{"line":26,"column":1}},"8":{"start":{"line":21,"column":2},"end":{"line":21,"column":34}},"9":{"start":{"line":21,"column":23},"end":{"line":21,"column":34}},"10":{"start":{"line":22,"column":2},"end":{"line":22,"column":35}},"11":{"start":{"line":22,"column":24},"end":{"line":22,"column":35}},"12":{"start":{"line":23,"column":2},"end":{"line":23,"column":35}},"13":{"start":{"line":23,"column":24},"end":{"line":23,"column":35}},"14":{"start":{"line":24,"column":2},"end":{"line":24,"column":35}},"15":{"start":{"line":24,"column":24},"end":{"line":24,"column":35}},"16":{"start":{"line":25,"column":2},"end":{"line":25,"column":13}},"17":{"start":{"line":28,"column":33},"end":{"line":30,"column":1}},"18":{"start":{"line":29,"column":2},"end":{"line":29,"column":38}}},"fnMap":{"0":{"name":"(anonymous_0)","decl":{"start":{"line":3,"column":40},"end":{"line":3,"column":41}},"loc":{"start":{"line":3,"column":79},"end":{"line":14,"column":1}},"line":3},"1":{"name":"(anonymous_1)","decl":{"start":{"line":16,"column":36},"end":{"line":16,"column":37}},"loc":{"start":{"line":16,"column":46},"end":{"line":18,"column":1}},"line":16},"2":{"name":"(anonymous_2)","decl":{"start":{"line":17,"column":21},"end":{"line":17,"column":22}},"loc":{"start":{"line":17,"column":37},"end":{"line":17,"column":62}},"line":17},"3":{"name":"(anonymous_3)","decl":{"start":{"line":20,"column":30},"end":{"line":20,"column":31}},"loc":{"start":{"line":20,"column":47},"end":{"line":26,"column":1}},"line":20},"4":{"name":"(anonymous_4)","decl":{"start":{"line":28,"column":33},"end":{"line":28,"column":34}},"loc":{"start":{"line":28,"column":44},"end":{"line":30,"column":1}},"line":28}},"branchMap":{"0":{"loc":{"start":{"line":12,"column":17},"end":{"line":12,"column":50}},"type":"binary-expr","locations":[{"start":{"line":12,"column":17},"end":{"line":12,"column":45}},{"start":{"line":12,"column":49},"end":{"line":12,"column":50}}],"line":12},"1":{"loc":{"start":{"line":17,"column":46},"end":{"line":17,"column":61}},"type":"binary-expr","locations":[{"start":{"line":17,"column":46},"end":{"line":17,"column":56}},{"start":{"line":17,"column":60},"end":{"line":17,"column":61}}],"line":17},"2":{"loc":{"start":{"line":21,"column":2},"end":{"line":21,"column":34}},"type":"if","locations":[{"start":{"line":21,"column":2},"end":{"line":21,"column":34}},{"start":{},"end":{}}],"line":21},"3":{"loc":{"start":{"line":22,"column":2},"end":{"line":22,"column":35}},"type":"if","locations":[{"start":{"line":22,"column":2},"end":{"line":22,"column":35}},{"start":{},"end":{}}],"line":22},"4":{"loc":{"start":{"line":23,"column":2},"end":{"line":23,"column":35}},"type":"if","locations":[{"start":{"line":23,"column":2},"end":{"line":23,"column":35}},{"start":{},"end":{}}],"line":23},"5":{"loc":{"start":{"line":24,"column":2},"end":{"line":24,"column":35}},"type":"if","locations":[{"start":{"line":24,"column":2},"end":{"line":24,"column":35}},{"start":{},"end":{}}],"line":24}},"s":{"0":1,"1":8,"2":8,"3":8,"4":1,"5":3,"6":5,"7":1,"8":12,"9":4,"10":8,"11":2,"12":6,"13":2,"14":4,"15":2,"16":2,"17":1,"18":4},"f":{"0":8,"1":3,"2":5,"3":12,"4":4},"b":{"0":[8,3],"1":[5,2],"2":[4,8],"3":[2,6],"4":[2,4],"5":[2,2]},"_coverageSchema":"1a1c01bbd47fc00a2c39e90264f33305004495a9","hash":"9ff81d2cd27913f7ffb9b1f99a491402d466aba1"}
}
